<?xml version="1.0" encoding="UTF-8"?>
<testng-results skipped="0" failed="0" ignored="0" total="1" passed="1">
  <reporter-output>
  </reporter-output>
  <suite name="Default suite" duration-ms="16517" started-at="2018-06-24T15:14:33Z" finished-at="2018-06-24T15:14:49Z">
    <groups>
    </groups>
    <test name="Default test" duration-ms="16517" started-at="2018-06-24T15:14:33Z" finished-at="2018-06-24T15:14:49Z">
      <class name="AutomationFramework.WebdriverCommands">
        <test-method status="PASS" signature="beforeMethod()[pri:0, instance:AutomationFramework.WebdriverCommands@5e3a8624]" name="beforeMethod" is-config="true" duration-ms="2485" started-at="2018-06-24T15:14:33Z" finished-at="2018-06-24T15:14:35Z">
          <reporter-output>
          </reporter-output>
        </test-method> <!-- beforeMethod -->
        <test-method status="PASS" signature="TC01()[pri:0, instance:AutomationFramework.WebdriverCommands@5e3a8624]" name="TC01" duration-ms="13976" started-at="2018-06-24T15:14:35Z" finished-at="2018-06-24T15:14:49Z">
          <reporter-output>
          </reporter-output>
        </test-method> <!-- TC01 -->
      </class> <!-- AutomationFramework.WebdriverCommands -->
    </test> <!-- Default test -->
  </suite> <!-- Default suite -->
</testng-results>
